This file contains any messages produced by compilers while
running configure, to aid debugging if configure makes a mistake.

It was created by HyperDex configure 0.4.0, which was
generated by GNU Autoconf 2.68.  Invocation command line was

  $ ./configure 

## --------- ##
## Platform. ##
## --------- ##

hostname = adamyang
uname -m = x86_64
uname -r = 3.2.0-29-generic
uname -s = Linux
uname -v = #46-Ubuntu SMP Fri Jul 27 17:03:23 UTC 2012

/usr/bin/uname -p = unknown
/bin/uname -X     = unknown

/bin/arch              = unknown
/usr/bin/arch -k       = unknown
/usr/convex/getsysinfo = unknown
/usr/bin/hostinfo      = unknown
/bin/machine           = unknown
/usr/bin/oslevel       = unknown
/bin/universe          = unknown

PATH: /usr/local/sbin
PATH: /usr/local/bin
PATH: /usr/sbin
PATH: /usr/bin
PATH: /sbin
PATH: /bin


## ----------- ##
## Core tests. ##
## ----------- ##

configure:2937: checking for a BSD-compatible install
configure:3005: result: /usr/bin/install -c
configure:3016: checking whether build environment is sane
configure:3066: result: yes
configure:3207: checking for a thread-safe mkdir -p
configure:3246: result: /bin/mkdir -p
configure:3259: checking for gawk
configure:3289: result: no
configure:3259: checking for mawk
configure:3275: found /usr/bin/mawk
configure:3286: result: mawk
configure:3297: checking whether make sets $(MAKE)
configure:3319: result: yes
configure:3442: checking for a Python interpreter with version >= 2.6
configure:3459: python -c import sys # split strings by '.' and convert to numeric. Append some zeros # because we need at least 4 digits for the hex conversion. # map returns an iterator in Python 3.0 and a list in 2.x minver = list(map(int, '2.6'.split('.'))) + [0, 0, 0] minverhex = 0 # xrange is not present in Python 3.0 and range returns an iterator for i in list(range(0, 4)): minverhex = (minverhex << 8) + minver[i] sys.exit(sys.hexversion < minverhex)
configure:3462: $? = 0
configure:3468: result: python
configure:3476: checking for python
configure:3494: found /usr/bin/python
configure:3506: result: /usr/bin/python
configure:3524: checking for python version
configure:3531: result: 2.7
configure:3543: checking for python platform
configure:3550: result: linux2
configure:3557: checking for python script directory
configure:3586: result: ${prefix}/lib/python2.7/dist-packages
configure:3595: checking for python extension module directory
configure:3624: result: ${exec_prefix}/lib/python2.7/dist-packages
configure:3667: checking build system type
configure:3681: result: x86_64-unknown-linux-gnu
configure:3701: checking host system type
configure:3714: result: x86_64-unknown-linux-gnu
configure:3746: checking for style of include used by make
configure:3774: result: GNU
configure:3844: checking for gcc
configure:3860: found /usr/bin/gcc
configure:3871: result: gcc
configure:4100: checking for C compiler version
configure:4109: gcc --version >&5
gcc (Ubuntu/Linaro 4.6.3-1ubuntu5) 4.6.3
Copyright (C) 2011 Free Software Foundation, Inc.
This is free software; see the source for copying conditions.  There is NO
warranty; not even for MERCHANTABILITY or FITNESS FOR A PARTICULAR PURPOSE.

configure:4120: $? = 0
configure:4109: gcc -v >&5
Using built-in specs.
COLLECT_GCC=gcc
COLLECT_LTO_WRAPPER=/usr/lib/gcc/x86_64-linux-gnu/4.6/lto-wrapper
Target: x86_64-linux-gnu
Configured with: ../src/configure -v --with-pkgversion='Ubuntu/Linaro 4.6.3-1ubuntu5' --with-bugurl=file:///usr/share/doc/gcc-4.6/README.Bugs --enable-languages=c,c++,fortran,objc,obj-c++ --prefix=/usr --program-suffix=-4.6 --enable-shared --enable-linker-build-id --with-system-zlib --libexecdir=/usr/lib --without-included-gettext --enable-threads=posix --with-gxx-include-dir=/usr/include/c++/4.6 --libdir=/usr/lib --enable-nls --with-sysroot=/ --enable-clocale=gnu --enable-libstdcxx-debug --enable-libstdcxx-time=yes --enable-gnu-unique-object --enable-plugin --enable-objc-gc --disable-werror --with-arch-32=i686 --with-tune=generic --enable-checking=release --build=x86_64-linux-gnu --host=x86_64-linux-gnu --target=x86_64-linux-gnu
Thread model: posix
gcc version 4.6.3 (Ubuntu/Linaro 4.6.3-1ubuntu5) 
configure:4120: $? = 0
configure:4109: gcc -V >&5
gcc: error: unrecognized option '-V'
gcc: fatal error: no input files
compilation terminated.
configure:4120: $? = 4
configure:4109: gcc -qversion >&5
gcc: error: unrecognized option '-qversion'
gcc: fatal error: no input files
compilation terminated.
configure:4120: $? = 4
configure:4140: checking whether the C compiler works
configure:4162: gcc    conftest.c  >&5
configure:4166: $? = 0
configure:4214: result: yes
configure:4217: checking for C compiler default output file name
configure:4219: result: a.out
configure:4225: checking for suffix of executables
configure:4232: gcc -o conftest    conftest.c  >&5
configure:4236: $? = 0
configure:4258: result: 
configure:4280: checking whether we are cross compiling
configure:4288: gcc -o conftest    conftest.c  >&5
configure:4292: $? = 0
configure:4299: ./conftest
configure:4303: $? = 0
configure:4318: result: no
configure:4323: checking for suffix of object files
configure:4345: gcc -c   conftest.c >&5
configure:4349: $? = 0
configure:4370: result: o
configure:4374: checking whether we are using the GNU C compiler
configure:4393: gcc -c   conftest.c >&5
configure:4393: $? = 0
configure:4402: result: yes
configure:4411: checking whether gcc accepts -g
configure:4431: gcc -c -g  conftest.c >&5
configure:4431: $? = 0
configure:4472: result: yes
configure:4489: checking for gcc option to accept ISO C89
configure:4553: gcc  -c -g -O2  conftest.c >&5
configure:4553: $? = 0
configure:4566: result: none needed
configure:4588: checking dependency style of gcc
configure:4698: result: gcc3
configure:4713: checking for a sed that does not truncate output
configure:4777: result: /bin/sed
configure:4795: checking for grep that handles long lines and -e
configure:4853: result: /bin/grep
configure:4858: checking for egrep
configure:4920: result: /bin/grep -E
configure:4925: checking for fgrep
configure:4987: result: /bin/grep -F
configure:5022: checking for ld used by gcc
configure:5089: result: /usr/bin/ld
configure:5096: checking if the linker (/usr/bin/ld) is GNU ld
configure:5111: result: yes
configure:5123: checking for BSD- or MS-compatible name lister (nm)
configure:5172: result: /usr/bin/nm -B
configure:5290: checking the name lister (/usr/bin/nm -B) interface
configure:5297: gcc -c -g -O2  conftest.c >&5
configure:5300: /usr/bin/nm -B "conftest.o"
configure:5303: output
0000000000000000 B some_variable
configure:5310: result: BSD nm
configure:5313: checking whether ln -s works
configure:5317: result: yes
configure:5325: checking the maximum length of command line arguments
configure:5445: result: 1572864
configure:5462: checking whether the shell understands some XSI constructs
configure:5472: result: yes
configure:5476: checking whether the shell understands "+="
configure:5482: result: yes
configure:5517: checking for /usr/bin/ld option to reload object files
configure:5524: result: -r
configure:5593: checking for objdump
configure:5609: found /usr/bin/objdump
configure:5620: result: objdump
configure:5652: checking how to recognize dependent libraries
configure:5848: result: pass_all
configure:5908: checking for ar
configure:5924: found /usr/bin/ar
configure:5935: result: ar
configure:6013: checking for strip
configure:6029: found /usr/bin/strip
configure:6040: result: strip
configure:6112: checking for ranlib
configure:6128: found /usr/bin/ranlib
configure:6139: result: ranlib
configure:6229: checking command to parse /usr/bin/nm -B output from gcc object
configure:6347: gcc -c -g -O2  conftest.c >&5
configure:6350: $? = 0
configure:6354: /usr/bin/nm -B conftest.o \| sed -n -e 's/^.*[	 ]\([ABCDGIRSTW][ABCDGIRSTW]*\)[	 ][	 ]*\([_A-Za-z][_A-Za-z0-9]*\)$/\1 \2 \2/p' \> conftest.nm
configure:6357: $? = 0
configure:6411: gcc -o conftest -g -O2   conftest.c conftstm.o >&5
configure:6414: $? = 0
configure:6452: result: ok
configure:6548: gcc -c -g -O2  conftest.c >&5
configure:6551: $? = 0
configure:7261: checking how to run the C preprocessor
configure:7292: gcc -E  conftest.c
configure:7292: $? = 0
configure:7306: gcc -E  conftest.c
conftest.c:11:28: fatal error: ac_nonexistent.h: No such file or directory
compilation terminated.
configure:7306: $? = 1
configure: failed program was:
| /* confdefs.h */
| #define PACKAGE_NAME "HyperDex"
| #define PACKAGE_TARNAME "hyperdex"
| #define PACKAGE_VERSION "0.4.0"
| #define PACKAGE_STRING "HyperDex 0.4.0"
| #define PACKAGE_BUGREPORT "escriva@cs.cornell.edu"
| #define PACKAGE_URL ""
| #define PACKAGE "hyperdex"
| #define VERSION "0.4.0"
| /* end confdefs.h.  */
| #include <ac_nonexistent.h>
configure:7331: result: gcc -E
configure:7351: gcc -E  conftest.c
configure:7351: $? = 0
configure:7365: gcc -E  conftest.c
conftest.c:11:28: fatal error: ac_nonexistent.h: No such file or directory
compilation terminated.
configure:7365: $? = 1
configure: failed program was:
| /* confdefs.h */
| #define PACKAGE_NAME "HyperDex"
| #define PACKAGE_TARNAME "hyperdex"
| #define PACKAGE_VERSION "0.4.0"
| #define PACKAGE_STRING "HyperDex 0.4.0"
| #define PACKAGE_BUGREPORT "escriva@cs.cornell.edu"
| #define PACKAGE_URL ""
| #define PACKAGE "hyperdex"
| #define VERSION "0.4.0"
| /* end confdefs.h.  */
| #include <ac_nonexistent.h>
configure:7394: checking for ANSI C header files
configure:7414: gcc -c -g -O2  conftest.c >&5
configure:7414: $? = 0
configure:7487: gcc -o conftest -g -O2   conftest.c  >&5
configure:7487: $? = 0
configure:7487: ./conftest
configure:7487: $? = 0
configure:7498: result: yes
configure:7511: checking for sys/types.h
configure:7511: gcc -c -g -O2  conftest.c >&5
configure:7511: $? = 0
configure:7511: result: yes
configure:7511: checking for sys/stat.h
configure:7511: gcc -c -g -O2  conftest.c >&5
configure:7511: $? = 0
configure:7511: result: yes
configure:7511: checking for stdlib.h
configure:7511: gcc -c -g -O2  conftest.c >&5
configure:7511: $? = 0
configure:7511: result: yes
configure:7511: checking for string.h
configure:7511: gcc -c -g -O2  conftest.c >&5
configure:7511: $? = 0
configure:7511: result: yes
configure:7511: checking for memory.h
configure:7511: gcc -c -g -O2  conftest.c >&5
configure:7511: $? = 0
configure:7511: result: yes
configure:7511: checking for strings.h
configure:7511: gcc -c -g -O2  conftest.c >&5
configure:7511: $? = 0
configure:7511: result: yes
configure:7511: checking for inttypes.h
configure:7511: gcc -c -g -O2  conftest.c >&5
configure:7511: $? = 0
configure:7511: result: yes
configure:7511: checking for stdint.h
configure:7511: gcc -c -g -O2  conftest.c >&5
configure:7511: $? = 0
configure:7511: result: yes
configure:7511: checking for unistd.h
configure:7511: gcc -c -g -O2  conftest.c >&5
configure:7511: $? = 0
configure:7511: result: yes
configure:7525: checking for dlfcn.h
configure:7525: gcc -c -g -O2  conftest.c >&5
configure:7525: $? = 0
configure:7525: result: yes
configure:7709: checking for objdir
configure:7724: result: .libs
configure:8020: checking if gcc supports -fno-rtti -fno-exceptions
configure:8038: gcc -c -g -O2  -fno-rtti -fno-exceptions conftest.c >&5
cc1: warning: command line option '-fno-rtti' is valid for C++/ObjC++ but not for C [enabled by default]
configure:8042: $? = 0
configure:8055: result: no
configure:8075: checking for gcc option to produce PIC
configure:8347: result: -fPIC -DPIC
configure:8359: checking if gcc PIC flag -fPIC -DPIC works
configure:8377: gcc -c -g -O2  -fPIC -DPIC -DPIC conftest.c >&5
configure:8381: $? = 0
configure:8394: result: yes
configure:8418: checking if gcc static flag -static works
configure:8446: result: yes
configure:8461: checking if gcc supports -c -o file.o
configure:8482: gcc -c -g -O2  -o out/conftest2.o conftest.c >&5
configure:8486: $? = 0
configure:8508: result: yes
configure:8516: checking if gcc supports -c -o file.o
configure:8563: result: yes
configure:8596: checking whether the gcc linker (/usr/bin/ld -m elf_x86_64) supports shared libraries
configure:9587: result: yes
configure:9624: checking whether -lc should be explicitly linked in
configure:9629: gcc -c -g -O2  conftest.c >&5
configure:9632: $? = 0
configure:9647: gcc -shared conftest.o  -v -Wl,-soname -Wl,conftest -o conftest 2\>\&1 \| /bin/grep  -lc  \>/dev/null 2\>\&1
configure:9650: $? = 0
configure:9662: result: no
configure:9826: checking dynamic linker characteristics
configure:10259: gcc -o conftest -g -O2   -Wl,-rpath -Wl,/foo conftest.c  >&5
configure:10259: $? = 0
configure:10489: result: GNU/Linux ld.so
configure:10591: checking how to hardcode library paths into programs
configure:10616: result: immediate
configure:11136: checking whether stripping libraries is possible
configure:11141: result: yes
configure:11176: checking if libtool supports shared libraries
configure:11178: result: yes
configure:11181: checking whether to build shared libraries
configure:11202: result: yes
configure:11205: checking whether to build static libraries
configure:11209: result: yes
configure:11308: checking for g++
configure:11324: found /usr/bin/g++
configure:11335: result: g++
configure:11362: checking for C++ compiler version
configure:11371: g++ --version >&5
g++ (Ubuntu/Linaro 4.6.3-1ubuntu5) 4.6.3
Copyright (C) 2011 Free Software Foundation, Inc.
This is free software; see the source for copying conditions.  There is NO
warranty; not even for MERCHANTABILITY or FITNESS FOR A PARTICULAR PURPOSE.

configure:11382: $? = 0
configure:11371: g++ -v >&5
Using built-in specs.
COLLECT_GCC=g++
COLLECT_LTO_WRAPPER=/usr/lib/gcc/x86_64-linux-gnu/4.6/lto-wrapper
Target: x86_64-linux-gnu
Configured with: ../src/configure -v --with-pkgversion='Ubuntu/Linaro 4.6.3-1ubuntu5' --with-bugurl=file:///usr/share/doc/gcc-4.6/README.Bugs --enable-languages=c,c++,fortran,objc,obj-c++ --prefix=/usr --program-suffix=-4.6 --enable-shared --enable-linker-build-id --with-system-zlib --libexecdir=/usr/lib --without-included-gettext --enable-threads=posix --with-gxx-include-dir=/usr/include/c++/4.6 --libdir=/usr/lib --enable-nls --with-sysroot=/ --enable-clocale=gnu --enable-libstdcxx-debug --enable-libstdcxx-time=yes --enable-gnu-unique-object --enable-plugin --enable-objc-gc --disable-werror --with-arch-32=i686 --with-tune=generic --enable-checking=release --build=x86_64-linux-gnu --host=x86_64-linux-gnu --target=x86_64-linux-gnu
Thread model: posix
gcc version 4.6.3 (Ubuntu/Linaro 4.6.3-1ubuntu5) 
configure:11382: $? = 0
configure:11371: g++ -V >&5
g++: error: unrecognized option '-V'
g++: fatal error: no input files
compilation terminated.
configure:11382: $? = 4
configure:11371: g++ -qversion >&5
g++: error: unrecognized option '-qversion'
g++: fatal error: no input files
compilation terminated.
configure:11382: $? = 4
configure:11386: checking whether we are using the GNU C++ compiler
configure:11405: g++ -c   conftest.cpp >&5
configure:11405: $? = 0
configure:11414: result: yes
configure:11423: checking whether g++ accepts -g
configure:11443: g++ -c -g  conftest.cpp >&5
configure:11443: $? = 0
configure:11484: result: yes
configure:11509: checking dependency style of g++
configure:11619: result: gcc3
configure:11747: checking for C++ compiler version
configure:11756: g++ --version >&5
g++ (Ubuntu/Linaro 4.6.3-1ubuntu5) 4.6.3
Copyright (C) 2011 Free Software Foundation, Inc.
This is free software; see the source for copying conditions.  There is NO
warranty; not even for MERCHANTABILITY or FITNESS FOR A PARTICULAR PURPOSE.

configure:11767: $? = 0
configure:11756: g++ -v >&5
Using built-in specs.
COLLECT_GCC=g++
COLLECT_LTO_WRAPPER=/usr/lib/gcc/x86_64-linux-gnu/4.6/lto-wrapper
Target: x86_64-linux-gnu
Configured with: ../src/configure -v --with-pkgversion='Ubuntu/Linaro 4.6.3-1ubuntu5' --with-bugurl=file:///usr/share/doc/gcc-4.6/README.Bugs --enable-languages=c,c++,fortran,objc,obj-c++ --prefix=/usr --program-suffix=-4.6 --enable-shared --enable-linker-build-id --with-system-zlib --libexecdir=/usr/lib --without-included-gettext --enable-threads=posix --with-gxx-include-dir=/usr/include/c++/4.6 --libdir=/usr/lib --enable-nls --with-sysroot=/ --enable-clocale=gnu --enable-libstdcxx-debug --enable-libstdcxx-time=yes --enable-gnu-unique-object --enable-plugin --enable-objc-gc --disable-werror --with-arch-32=i686 --with-tune=generic --enable-checking=release --build=x86_64-linux-gnu --host=x86_64-linux-gnu --target=x86_64-linux-gnu
Thread model: posix
gcc version 4.6.3 (Ubuntu/Linaro 4.6.3-1ubuntu5) 
configure:11767: $? = 0
configure:11756: g++ -V >&5
g++: error: unrecognized option '-V'
g++: fatal error: no input files
compilation terminated.
configure:11767: $? = 4
configure:11756: g++ -qversion >&5
g++: error: unrecognized option '-qversion'
g++: fatal error: no input files
compilation terminated.
configure:11767: $? = 4
configure:11771: checking whether we are using the GNU C++ compiler
configure:11799: result: yes
configure:11808: checking whether g++ accepts -g
configure:11869: result: yes
configure:11894: checking dependency style of g++
configure:12004: result: gcc3
configure:12027: checking how to run the C++ preprocessor
configure:12054: g++ -E  conftest.cpp
configure:12054: $? = 0
configure:12068: g++ -E  conftest.cpp
conftest.cpp:23:28: fatal error: ac_nonexistent.h: No such file or directory
compilation terminated.
configure:12068: $? = 1
configure: failed program was:
| /* confdefs.h */
| #define PACKAGE_NAME "HyperDex"
| #define PACKAGE_TARNAME "hyperdex"
| #define PACKAGE_VERSION "0.4.0"
| #define PACKAGE_STRING "HyperDex 0.4.0"
| #define PACKAGE_BUGREPORT "escriva@cs.cornell.edu"
| #define PACKAGE_URL ""
| #define PACKAGE "hyperdex"
| #define VERSION "0.4.0"
| #define STDC_HEADERS 1
| #define HAVE_SYS_TYPES_H 1
| #define HAVE_SYS_STAT_H 1
| #define HAVE_STDLIB_H 1
| #define HAVE_STRING_H 1
| #define HAVE_MEMORY_H 1
| #define HAVE_STRINGS_H 1
| #define HAVE_INTTYPES_H 1
| #define HAVE_STDINT_H 1
| #define HAVE_UNISTD_H 1
| #define HAVE_DLFCN_H 1
| #define LT_OBJDIR ".libs/"
| /* end confdefs.h.  */
| #include <ac_nonexistent.h>
configure:12093: result: g++ -E
configure:12113: g++ -E  conftest.cpp
configure:12113: $? = 0
configure:12127: g++ -E  conftest.cpp
conftest.cpp:23:28: fatal error: ac_nonexistent.h: No such file or directory
compilation terminated.
configure:12127: $? = 1
configure: failed program was:
| /* confdefs.h */
| #define PACKAGE_NAME "HyperDex"
| #define PACKAGE_TARNAME "hyperdex"
| #define PACKAGE_VERSION "0.4.0"
| #define PACKAGE_STRING "HyperDex 0.4.0"
| #define PACKAGE_BUGREPORT "escriva@cs.cornell.edu"
| #define PACKAGE_URL ""
| #define PACKAGE "hyperdex"
| #define VERSION "0.4.0"
| #define STDC_HEADERS 1
| #define HAVE_SYS_TYPES_H 1
| #define HAVE_SYS_STAT_H 1
| #define HAVE_STDLIB_H 1
| #define HAVE_STRING_H 1
| #define HAVE_MEMORY_H 1
| #define HAVE_STRINGS_H 1
| #define HAVE_INTTYPES_H 1
| #define HAVE_STDINT_H 1
| #define HAVE_UNISTD_H 1
| #define HAVE_DLFCN_H 1
| #define LT_OBJDIR ".libs/"
| /* end confdefs.h.  */
| #include <ac_nonexistent.h>
configure:12295: checking for ld used by g++
configure:12362: result: /usr/bin/ld -m elf_x86_64
configure:12369: checking if the linker (/usr/bin/ld -m elf_x86_64) is GNU ld
configure:12384: result: yes
configure:12439: checking whether the g++ linker (/usr/bin/ld -m elf_x86_64) supports shared libraries
configure:13352: result: yes
configure:13380: g++ -c -g -O2  conftest.cpp >&5
configure:13383: $? = 0
configure:13565: checking for g++ option to produce PIC
configure:13882: result: -fPIC -DPIC
configure:13891: checking if g++ PIC flag -fPIC -DPIC works
configure:13909: g++ -c -g -O2  -fPIC -DPIC -DPIC conftest.cpp >&5
configure:13913: $? = 0
configure:13926: result: yes
configure:13947: checking if g++ static flag -static works
configure:13975: result: yes
configure:13987: checking if g++ supports -c -o file.o
configure:14008: g++ -c -g -O2  -o out/conftest2.o conftest.cpp >&5
configure:14012: $? = 0
configure:14034: result: yes
configure:14039: checking if g++ supports -c -o file.o
configure:14086: result: yes
configure:14116: checking whether the g++ linker (/usr/bin/ld -m elf_x86_64) supports shared libraries
configure:14145: result: yes
configure:14282: checking dynamic linker characteristics
configure:14663: g++ -o conftest -g -O2   -Wl,-rpath -Wl,/foo conftest.cpp  >&5
configure:14663: $? = 0
configure:14893: result: GNU/Linux ld.so
configure:14944: checking how to hardcode library paths into programs
configure:14969: result: immediate
configure:15056: checking for gcc
configure:15083: result: gcc
configure:15312: checking for C compiler version
configure:15321: gcc --version >&5
gcc (Ubuntu/Linaro 4.6.3-1ubuntu5) 4.6.3
Copyright (C) 2011 Free Software Foundation, Inc.
This is free software; see the source for copying conditions.  There is NO
warranty; not even for MERCHANTABILITY or FITNESS FOR A PARTICULAR PURPOSE.

configure:15332: $? = 0
configure:15321: gcc -v >&5
Using built-in specs.
COLLECT_GCC=gcc
COLLECT_LTO_WRAPPER=/usr/lib/gcc/x86_64-linux-gnu/4.6/lto-wrapper
Target: x86_64-linux-gnu
Configured with: ../src/configure -v --with-pkgversion='Ubuntu/Linaro 4.6.3-1ubuntu5' --with-bugurl=file:///usr/share/doc/gcc-4.6/README.Bugs --enable-languages=c,c++,fortran,objc,obj-c++ --prefix=/usr --program-suffix=-4.6 --enable-shared --enable-linker-build-id --with-system-zlib --libexecdir=/usr/lib --without-included-gettext --enable-threads=posix --with-gxx-include-dir=/usr/include/c++/4.6 --libdir=/usr/lib --enable-nls --with-sysroot=/ --enable-clocale=gnu --enable-libstdcxx-debug --enable-libstdcxx-time=yes --enable-gnu-unique-object --enable-plugin --enable-objc-gc --disable-werror --with-arch-32=i686 --with-tune=generic --enable-checking=release --build=x86_64-linux-gnu --host=x86_64-linux-gnu --target=x86_64-linux-gnu
Thread model: posix
gcc version 4.6.3 (Ubuntu/Linaro 4.6.3-1ubuntu5) 
configure:15332: $? = 0
configure:15321: gcc -V >&5
gcc: error: unrecognized option '-V'
gcc: fatal error: no input files
compilation terminated.
configure:15332: $? = 4
configure:15321: gcc -qversion >&5
gcc: error: unrecognized option '-qversion'
gcc: fatal error: no input files
compilation terminated.
configure:15332: $? = 4
configure:15336: checking whether we are using the GNU C compiler
configure:15364: result: yes
configure:15373: checking whether gcc accepts -g
configure:15434: result: yes
configure:15451: checking for gcc option to accept ISO C89
configure:15528: result: none needed
configure:15550: checking dependency style of gcc
configure:15660: result: gcc3
configure:22128: checking for 'gtest-config'
configure:22149: checking for gtest-config
configure:22182: result: no
configure:22203: result: no
configure:22231: checking for poptGetContext in -lpopt
configure:22256: g++ -o conftest -g -O2   conftest.cpp -lpopt   >&5
configure:22256: $? = 0
configure:22265: result: yes
configure:22335: checking for pkg-config
configure:22353: found /usr/bin/pkg-config
configure:22365: result: /usr/bin/pkg-config
configure:22390: checking pkg-config is at least version 0.9.0
configure:22393: result: yes
configure:22403: checking for PO6
configure:22410: $PKG_CONFIG --exists --print-errors "libpo6 >= 0.2.3"
configure:22413: $? = 0
configure:22426: $PKG_CONFIG --exists --print-errors "libpo6 >= 0.2.3"
configure:22429: $? = 0
configure:22486: result: yes
configure:22492: checking for E
configure:22499: $PKG_CONFIG --exists --print-errors "libe >= 0.2.7"
configure:22502: $? = 0
configure:22515: $PKG_CONFIG --exists --print-errors "libe >= 0.2.7"
configure:22518: $? = 0
configure:22575: result: yes
configure:22581: checking for BUSYBEE
configure:22588: $PKG_CONFIG --exists --print-errors "busybee >= 0.1.0"
configure:22591: $? = 0
configure:22604: $PKG_CONFIG --exists --print-errors "busybee >= 0.1.0"
configure:22607: $? = 0
configure:22664: result: yes
configure:22674: checking netinet/in.h usability
configure:22674: g++ -c -g -O2  conftest.cpp >&5
configure:22674: $? = 0
configure:22674: result: yes
configure:22674: checking netinet/in.h presence
configure:22674: g++ -E  conftest.cpp
configure:22674: $? = 0
configure:22674: result: yes
configure:22674: checking for netinet/in.h
configure:22674: result: yes
configure:22674: checking for stdint.h
configure:22674: result: yes
configure:22674: checking for stdlib.h
configure:22674: result: yes
configure:22674: checking sys/socket.h usability
configure:22674: g++ -c -g -O2  conftest.cpp >&5
configure:22674: $? = 0
configure:22674: result: yes
configure:22674: checking sys/socket.h presence
configure:22674: g++ -E  conftest.cpp
configure:22674: $? = 0
configure:22674: result: yes
configure:22674: checking for sys/socket.h
configure:22674: result: yes
configure:22674: checking for unistd.h
configure:22674: result: yes
configure:22684: checking city.h usability
configure:22684: g++ -c -g -O2  conftest.cpp >&5
configure:22684: $? = 0
configure:22684: result: yes
configure:22684: checking city.h presence
configure:22684: g++ -E  conftest.cpp
configure:22684: $? = 0
configure:22684: result: yes
configure:22684: checking for city.h
configure:22684: result: yes
configure:22696: checking glog/logging.h usability
configure:22696: g++ -c -g -O2  conftest.cpp >&5
configure:22696: $? = 0
configure:22696: result: yes
configure:22696: checking glog/logging.h presence
configure:22696: g++ -E  conftest.cpp
configure:22696: $? = 0
configure:22696: result: yes
configure:22696: checking for glog/logging.h
configure:22696: result: yes
configure:22708: checking popt.h usability
configure:22708: g++ -c -g -O2  conftest.cpp >&5
configure:22708: $? = 0
configure:22708: result: yes
configure:22708: checking popt.h presence
configure:22708: g++ -E  conftest.cpp
configure:22708: $? = 0
configure:22708: result: yes
configure:22708: checking for popt.h
configure:22708: result: yes
configure:22722: checking for stdbool.h that conforms to C99
configure:22789: g++ -c -g -O2  conftest.cpp >&5
configure:22789: $? = 0
configure:22796: result: yes
configure:22798: checking for _Bool
configure:22798: g++ -c -g -O2  conftest.cpp >&5
conftest.cpp: In function 'int main()':
conftest.cpp:65:13: error: '_Bool' was not declared in this scope
configure:22798: $? = 1
configure: failed program was:
| /* confdefs.h */
| #define PACKAGE_NAME "HyperDex"
| #define PACKAGE_TARNAME "hyperdex"
| #define PACKAGE_VERSION "0.4.0"
| #define PACKAGE_STRING "HyperDex 0.4.0"
| #define PACKAGE_BUGREPORT "escriva@cs.cornell.edu"
| #define PACKAGE_URL ""
| #define PACKAGE "hyperdex"
| #define VERSION "0.4.0"
| #define STDC_HEADERS 1
| #define HAVE_SYS_TYPES_H 1
| #define HAVE_SYS_STAT_H 1
| #define HAVE_STDLIB_H 1
| #define HAVE_STRING_H 1
| #define HAVE_MEMORY_H 1
| #define HAVE_STRINGS_H 1
| #define HAVE_INTTYPES_H 1
| #define HAVE_STDINT_H 1
| #define HAVE_UNISTD_H 1
| #define HAVE_DLFCN_H 1
| #define LT_OBJDIR ".libs/"
| #define HAVE_LIBPOPT 1
| #define HAVE_NETINET_IN_H 1
| #define HAVE_STDINT_H 1
| #define HAVE_STDLIB_H 1
| #define HAVE_SYS_SOCKET_H 1
| #define HAVE_UNISTD_H 1
| /* end confdefs.h.  */
| #include <stdio.h>
| #ifdef HAVE_SYS_TYPES_H
| # include <sys/types.h>
| #endif
| #ifdef HAVE_SYS_STAT_H
| # include <sys/stat.h>
| #endif
| #ifdef STDC_HEADERS
| # include <stdlib.h>
| # include <stddef.h>
| #else
| # ifdef HAVE_STDLIB_H
| #  include <stdlib.h>
| # endif
| #endif
| #ifdef HAVE_STRING_H
| # if !defined STDC_HEADERS && defined HAVE_MEMORY_H
| #  include <memory.h>
| # endif
| # include <string.h>
| #endif
| #ifdef HAVE_STRINGS_H
| # include <strings.h>
| #endif
| #ifdef HAVE_INTTYPES_H
| # include <inttypes.h>
| #endif
| #ifdef HAVE_STDINT_H
| # include <stdint.h>
| #endif
| #ifdef HAVE_UNISTD_H
| # include <unistd.h>
| #endif
| int
| main ()
| {
| if (sizeof (_Bool))
| 	 return 0;
|   ;
|   return 0;
| }
configure:22798: result: no
configure:22814: checking for inline
configure:22830: g++ -c -g -O2  conftest.cpp >&5
configure:22830: $? = 0
configure:22838: result: inline
configure:22856: checking for int64_t
configure:22856: g++ -c -g -O2  conftest.cpp >&5
configure:22856: $? = 0
configure:22856: g++ -c -g -O2  conftest.cpp >&5
conftest.cpp: In function 'int main()':
conftest.cpp:68:55: warning: integer overflow in expression [-Woverflow]
conftest.cpp:68:58: error: size of array 'test_array' is negative
configure:22856: $? = 1
configure: failed program was:
| /* confdefs.h */
| #define PACKAGE_NAME "HyperDex"
| #define PACKAGE_TARNAME "hyperdex"
| #define PACKAGE_VERSION "0.4.0"
| #define PACKAGE_STRING "HyperDex 0.4.0"
| #define PACKAGE_BUGREPORT "escriva@cs.cornell.edu"
| #define PACKAGE_URL ""
| #define PACKAGE "hyperdex"
| #define VERSION "0.4.0"
| #define STDC_HEADERS 1
| #define HAVE_SYS_TYPES_H 1
| #define HAVE_SYS_STAT_H 1
| #define HAVE_STDLIB_H 1
| #define HAVE_STRING_H 1
| #define HAVE_MEMORY_H 1
| #define HAVE_STRINGS_H 1
| #define HAVE_INTTYPES_H 1
| #define HAVE_STDINT_H 1
| #define HAVE_UNISTD_H 1
| #define HAVE_DLFCN_H 1
| #define LT_OBJDIR ".libs/"
| #define HAVE_LIBPOPT 1
| #define HAVE_NETINET_IN_H 1
| #define HAVE_STDINT_H 1
| #define HAVE_STDLIB_H 1
| #define HAVE_SYS_SOCKET_H 1
| #define HAVE_UNISTD_H 1
| #define HAVE_STDBOOL_H 1
| /* end confdefs.h.  */
| #include <stdio.h>
| #ifdef HAVE_SYS_TYPES_H
| # include <sys/types.h>
| #endif
| #ifdef HAVE_SYS_STAT_H
| # include <sys/stat.h>
| #endif
| #ifdef STDC_HEADERS
| # include <stdlib.h>
| # include <stddef.h>
| #else
| # ifdef HAVE_STDLIB_H
| #  include <stdlib.h>
| # endif
| #endif
| #ifdef HAVE_STRING_H
| # if !defined STDC_HEADERS && defined HAVE_MEMORY_H
| #  include <memory.h>
| # endif
| # include <string.h>
| #endif
| #ifdef HAVE_STRINGS_H
| # include <strings.h>
| #endif
| #ifdef HAVE_INTTYPES_H
| # include <inttypes.h>
| #endif
| #ifdef HAVE_STDINT_H
| # include <stdint.h>
| #endif
| #ifdef HAVE_UNISTD_H
| # include <unistd.h>
| #endif
| 	        enum { N = 64 / 2 - 1 };
| int
| main ()
| {
| static int test_array [1 - 2 * !((int64_t) (((((int64_t) 1 << N) << N) - 1) * 2 + 1)
| 		 < (int64_t) (((((int64_t) 1 << N) << N) - 1) * 2 + 2))];
| test_array [0] = 0
| 
|   ;
|   return 0;
| }
configure:22856: result: yes
configure:22867: checking for size_t
configure:22867: g++ -c -g -O2  conftest.cpp >&5
configure:22867: $? = 0
configure:22867: g++ -c -g -O2  conftest.cpp >&5
conftest.cpp: In function 'int main()':
conftest.cpp:66:20: error: expected primary-expression before ')' token
configure:22867: $? = 1
configure: failed program was:
| /* confdefs.h */
| #define PACKAGE_NAME "HyperDex"
| #define PACKAGE_TARNAME "hyperdex"
| #define PACKAGE_VERSION "0.4.0"
| #define PACKAGE_STRING "HyperDex 0.4.0"
| #define PACKAGE_BUGREPORT "escriva@cs.cornell.edu"
| #define PACKAGE_URL ""
| #define PACKAGE "hyperdex"
| #define VERSION "0.4.0"
| #define STDC_HEADERS 1
| #define HAVE_SYS_TYPES_H 1
| #define HAVE_SYS_STAT_H 1
| #define HAVE_STDLIB_H 1
| #define HAVE_STRING_H 1
| #define HAVE_MEMORY_H 1
| #define HAVE_STRINGS_H 1
| #define HAVE_INTTYPES_H 1
| #define HAVE_STDINT_H 1
| #define HAVE_UNISTD_H 1
| #define HAVE_DLFCN_H 1
| #define LT_OBJDIR ".libs/"
| #define HAVE_LIBPOPT 1
| #define HAVE_NETINET_IN_H 1
| #define HAVE_STDINT_H 1
| #define HAVE_STDLIB_H 1
| #define HAVE_SYS_SOCKET_H 1
| #define HAVE_UNISTD_H 1
| #define HAVE_STDBOOL_H 1
| /* end confdefs.h.  */
| #include <stdio.h>
| #ifdef HAVE_SYS_TYPES_H
| # include <sys/types.h>
| #endif
| #ifdef HAVE_SYS_STAT_H
| # include <sys/stat.h>
| #endif
| #ifdef STDC_HEADERS
| # include <stdlib.h>
| # include <stddef.h>
| #else
| # ifdef HAVE_STDLIB_H
| #  include <stdlib.h>
| # endif
| #endif
| #ifdef HAVE_STRING_H
| # if !defined STDC_HEADERS && defined HAVE_MEMORY_H
| #  include <memory.h>
| # endif
| # include <string.h>
| #endif
| #ifdef HAVE_STRINGS_H
| # include <strings.h>
| #endif
| #ifdef HAVE_INTTYPES_H
| # include <inttypes.h>
| #endif
| #ifdef HAVE_STDINT_H
| # include <stdint.h>
| #endif
| #ifdef HAVE_UNISTD_H
| # include <unistd.h>
| #endif
| int
| main ()
| {
| if (sizeof ((size_t)))
| 	    return 0;
|   ;
|   return 0;
| }
configure:22867: result: yes
configure:22878: checking for ssize_t
configure:22878: g++ -c -g -O2  conftest.cpp >&5
configure:22878: $? = 0
configure:22878: g++ -c -g -O2  conftest.cpp >&5
conftest.cpp: In function 'int main()':
conftest.cpp:66:21: error: expected primary-expression before ')' token
configure:22878: $? = 1
configure: failed program was:
| /* confdefs.h */
| #define PACKAGE_NAME "HyperDex"
| #define PACKAGE_TARNAME "hyperdex"
| #define PACKAGE_VERSION "0.4.0"
| #define PACKAGE_STRING "HyperDex 0.4.0"
| #define PACKAGE_BUGREPORT "escriva@cs.cornell.edu"
| #define PACKAGE_URL ""
| #define PACKAGE "hyperdex"
| #define VERSION "0.4.0"
| #define STDC_HEADERS 1
| #define HAVE_SYS_TYPES_H 1
| #define HAVE_SYS_STAT_H 1
| #define HAVE_STDLIB_H 1
| #define HAVE_STRING_H 1
| #define HAVE_MEMORY_H 1
| #define HAVE_STRINGS_H 1
| #define HAVE_INTTYPES_H 1
| #define HAVE_STDINT_H 1
| #define HAVE_UNISTD_H 1
| #define HAVE_DLFCN_H 1
| #define LT_OBJDIR ".libs/"
| #define HAVE_LIBPOPT 1
| #define HAVE_NETINET_IN_H 1
| #define HAVE_STDINT_H 1
| #define HAVE_STDLIB_H 1
| #define HAVE_SYS_SOCKET_H 1
| #define HAVE_UNISTD_H 1
| #define HAVE_STDBOOL_H 1
| /* end confdefs.h.  */
| #include <stdio.h>
| #ifdef HAVE_SYS_TYPES_H
| # include <sys/types.h>
| #endif
| #ifdef HAVE_SYS_STAT_H
| # include <sys/stat.h>
| #endif
| #ifdef STDC_HEADERS
| # include <stdlib.h>
| # include <stddef.h>
| #else
| # ifdef HAVE_STDLIB_H
| #  include <stdlib.h>
| # endif
| #endif
| #ifdef HAVE_STRING_H
| # if !defined STDC_HEADERS && defined HAVE_MEMORY_H
| #  include <memory.h>
| # endif
| # include <string.h>
| #endif
| #ifdef HAVE_STRINGS_H
| # include <strings.h>
| #endif
| #ifdef HAVE_INTTYPES_H
| # include <inttypes.h>
| #endif
| #ifdef HAVE_STDINT_H
| # include <stdint.h>
| #endif
| #ifdef HAVE_UNISTD_H
| # include <unistd.h>
| #endif
| int
| main ()
| {
| if (sizeof ((ssize_t)))
| 	    return 0;
|   ;
|   return 0;
| }
configure:22878: result: yes
configure:22889: checking for uint16_t
configure:22889: g++ -c -g -O2  conftest.cpp >&5
configure:22889: $? = 0
configure:22889: result: yes
configure:22901: checking for uint32_t
configure:22901: g++ -c -g -O2  conftest.cpp >&5
configure:22901: $? = 0
configure:22901: result: yes
configure:22915: checking for uint64_t
configure:22915: g++ -c -g -O2  conftest.cpp >&5
configure:22915: $? = 0
configure:22915: result: yes
configure:22929: checking for uint8_t
configure:22929: g++ -c -g -O2  conftest.cpp >&5
configure:22929: $? = 0
configure:22929: result: yes
configure:22945: checking for error_at_line
configure:22961: g++ -o conftest -g -O2   conftest.cpp -lpopt  >&5
configure:22961: $? = 0
configure:22969: result: yes
configure:22986: checking for stdlib.h
configure:22986: result: yes
configure:22986: checking for unistd.h
configure:22986: result: yes
configure:22986: checking for sys/param.h
configure:22986: g++ -c -g -O2  conftest.cpp >&5
configure:22986: $? = 0
configure:22986: result: yes
configure:23006: checking for getpagesize
configure:23006: g++ -o conftest -g -O2   conftest.cpp -lpopt  >&5
configure:23006: $? = 0
configure:23006: result: yes
configure:23015: checking for working mmap
configure:23162: g++ -o conftest -g -O2   conftest.cpp -lpopt  >&5
configure:23162: $? = 0
configure:23162: ./conftest
configure:23162: $? = 0
configure:23172: result: yes
configure:23184: checking for alarm
configure:23184: g++ -o conftest -g -O2   conftest.cpp -lpopt  >&5
configure:23184: $? = 0
configure:23184: result: yes
configure:23184: checking for clock_gettime
configure:23184: g++ -o conftest -g -O2   conftest.cpp -lpopt  >&5
/tmp/ccftgpBE.o: In function `main':
/home/adamyang/eecs591project/conftest.cpp:70: undefined reference to `clock_gettime'
collect2: ld returned 1 exit status
configure:23184: $? = 1
configure: failed program was:
| /* confdefs.h */
| #define PACKAGE_NAME "HyperDex"
| #define PACKAGE_TARNAME "hyperdex"
| #define PACKAGE_VERSION "0.4.0"
| #define PACKAGE_STRING "HyperDex 0.4.0"
| #define PACKAGE_BUGREPORT "escriva@cs.cornell.edu"
| #define PACKAGE_URL ""
| #define PACKAGE "hyperdex"
| #define VERSION "0.4.0"
| #define STDC_HEADERS 1
| #define HAVE_SYS_TYPES_H 1
| #define HAVE_SYS_STAT_H 1
| #define HAVE_STDLIB_H 1
| #define HAVE_STRING_H 1
| #define HAVE_MEMORY_H 1
| #define HAVE_STRINGS_H 1
| #define HAVE_INTTYPES_H 1
| #define HAVE_STDINT_H 1
| #define HAVE_UNISTD_H 1
| #define HAVE_DLFCN_H 1
| #define LT_OBJDIR ".libs/"
| #define HAVE_LIBPOPT 1
| #define HAVE_NETINET_IN_H 1
| #define HAVE_STDINT_H 1
| #define HAVE_STDLIB_H 1
| #define HAVE_SYS_SOCKET_H 1
| #define HAVE_UNISTD_H 1
| #define HAVE_STDBOOL_H 1
| #define HAVE_STDLIB_H 1
| #define HAVE_UNISTD_H 1
| #define HAVE_SYS_PARAM_H 1
| #define HAVE_GETPAGESIZE 1
| #define HAVE_MMAP 1
| #define HAVE_ALARM 1
| /* end confdefs.h.  */
| /* Define clock_gettime to an innocuous variant, in case <limits.h> declares clock_gettime.
|    For example, HP-UX 11i <limits.h> declares gettimeofday.  */
| #define clock_gettime innocuous_clock_gettime
| 
| /* System header to define __stub macros and hopefully few prototypes,
|     which can conflict with char clock_gettime (); below.
|     Prefer <limits.h> to <assert.h> if __STDC__ is defined, since
|     <limits.h> exists even on freestanding compilers.  */
| 
| #ifdef __STDC__
| # include <limits.h>
| #else
| # include <assert.h>
| #endif
| 
| #undef clock_gettime
| 
| /* Override any GCC internal prototype to avoid an error.
|    Use char because int might match the return type of a GCC
|    builtin and then its argument prototype would still apply.  */
| #ifdef __cplusplus
| extern "C"
| #endif
| char clock_gettime ();
| /* The GNU C library defines this for functions which it implements
|     to always fail with ENOSYS.  Some functions are actually named
|     something starting with __ and the normal name is an alias.  */
| #if defined __stub_clock_gettime || defined __stub___clock_gettime
| choke me
| #endif
| 
| int
| main ()
| {
| return clock_gettime ();
|   ;
|   return 0;
| }
configure:23184: result: no
configure:23184: checking for ftruncate
configure:23184: g++ -o conftest -g -O2   conftest.cpp -lpopt  >&5
configure:23184: $? = 0
configure:23184: result: yes
configure:23184: checking for memmove
configure:23184: g++ -o conftest -g -O2   conftest.cpp -lpopt  >&5
configure:23184: $? = 0
configure:23184: result: yes
configure:23184: checking for mkdir
configure:23184: g++ -o conftest -g -O2   conftest.cpp -lpopt  >&5
configure:23184: $? = 0
configure:23184: result: yes
configure:23184: checking for munmap
configure:23184: g++ -o conftest -g -O2   conftest.cpp -lpopt  >&5
configure:23184: $? = 0
configure:23184: result: yes
configure:23184: checking for rmdir
configure:23184: g++ -o conftest -g -O2   conftest.cpp -lpopt  >&5
configure:23184: $? = 0
configure:23184: result: yes
configure:23184: checking for socket
configure:23184: g++ -o conftest -g -O2   conftest.cpp -lpopt  >&5
configure:23184: $? = 0
configure:23184: result: yes
configure:23862: creating ./config.status

## ---------------------- ##
## Running config.status. ##
## ---------------------- ##

This file was extended by HyperDex config.status 0.4.0, which was
generated by GNU Autoconf 2.68.  Invocation command line was

  CONFIG_FILES    = 
  CONFIG_HEADERS  = 
  CONFIG_LINKS    = 
  CONFIG_COMMANDS = 
  $ ./config.status 

on adamyang

config.status:1206: creating Makefile
config.status:1206: creating config.h
config.status:1435: executing depfiles commands
config.status:1435: executing libtool commands

## ---------------- ##
## Cache variables. ##
## ---------------- ##

ac_cv_build=x86_64-unknown-linux-gnu
ac_cv_c_compiler_gnu=yes
ac_cv_c_inline=inline
ac_cv_c_int64_t=yes
ac_cv_c_uint16_t=yes
ac_cv_c_uint32_t=yes
ac_cv_c_uint64_t=yes
ac_cv_c_uint8_t=yes
ac_cv_cxx_compiler_gnu=yes
ac_cv_env_BUSYBEE_CFLAGS_set=
ac_cv_env_BUSYBEE_CFLAGS_value=
ac_cv_env_BUSYBEE_LIBS_set=
ac_cv_env_BUSYBEE_LIBS_value=
ac_cv_env_CCC_set=
ac_cv_env_CCC_value=
ac_cv_env_CC_set=
ac_cv_env_CC_value=
ac_cv_env_CFLAGS_set=
ac_cv_env_CFLAGS_value=
ac_cv_env_CPPFLAGS_set=
ac_cv_env_CPPFLAGS_value=
ac_cv_env_CPP_set=
ac_cv_env_CPP_value=
ac_cv_env_CXXCPP_set=
ac_cv_env_CXXCPP_value=
ac_cv_env_CXXFLAGS_set=
ac_cv_env_CXXFLAGS_value=
ac_cv_env_CXX_set=
ac_cv_env_CXX_value=
ac_cv_env_E_CFLAGS_set=
ac_cv_env_E_CFLAGS_value=
ac_cv_env_E_LIBS_set=
ac_cv_env_E_LIBS_value=
ac_cv_env_GTEST_CONFIG_set=
ac_cv_env_GTEST_CONFIG_value=
ac_cv_env_GTEST_CPPFLAGS_set=
ac_cv_env_GTEST_CPPFLAGS_value=
ac_cv_env_GTEST_CXXFLAGS_set=
ac_cv_env_GTEST_CXXFLAGS_value=
ac_cv_env_GTEST_LDFLAGS_set=
ac_cv_env_GTEST_LDFLAGS_value=
ac_cv_env_GTEST_LIBS_set=
ac_cv_env_GTEST_LIBS_value=
ac_cv_env_GTEST_VERSION_set=
ac_cv_env_GTEST_VERSION_value=
ac_cv_env_LDFLAGS_set=
ac_cv_env_LDFLAGS_value=
ac_cv_env_LIBS_set=
ac_cv_env_LIBS_value=
ac_cv_env_PKG_CONFIG_LIBDIR_set=
ac_cv_env_PKG_CONFIG_LIBDIR_value=
ac_cv_env_PKG_CONFIG_PATH_set=
ac_cv_env_PKG_CONFIG_PATH_value=
ac_cv_env_PKG_CONFIG_set=
ac_cv_env_PKG_CONFIG_value=
ac_cv_env_PO6_CFLAGS_set=
ac_cv_env_PO6_CFLAGS_value=
ac_cv_env_PO6_LIBS_set=
ac_cv_env_PO6_LIBS_value=
ac_cv_env_PYTHON_VERSION_set=
ac_cv_env_PYTHON_VERSION_value=
ac_cv_env_build_alias_set=
ac_cv_env_build_alias_value=
ac_cv_env_host_alias_set=
ac_cv_env_host_alias_value=
ac_cv_env_target_alias_set=
ac_cv_env_target_alias_value=
ac_cv_func_alarm=yes
ac_cv_func_clock_gettime=no
ac_cv_func_ftruncate=yes
ac_cv_func_getpagesize=yes
ac_cv_func_memmove=yes
ac_cv_func_mkdir=yes
ac_cv_func_mmap_fixed_mapped=yes
ac_cv_func_munmap=yes
ac_cv_func_rmdir=yes
ac_cv_func_socket=yes
ac_cv_header_city_h=yes
ac_cv_header_dlfcn_h=yes
ac_cv_header_glog_logging_h=yes
ac_cv_header_inttypes_h=yes
ac_cv_header_memory_h=yes
ac_cv_header_netinet_in_h=yes
ac_cv_header_popt_h=yes
ac_cv_header_stdbool_h=yes
ac_cv_header_stdc=yes
ac_cv_header_stdint_h=yes
ac_cv_header_stdlib_h=yes
ac_cv_header_string_h=yes
ac_cv_header_strings_h=yes
ac_cv_header_sys_param_h=yes
ac_cv_header_sys_socket_h=yes
ac_cv_header_sys_stat_h=yes
ac_cv_header_sys_types_h=yes
ac_cv_header_unistd_h=yes
ac_cv_host=x86_64-unknown-linux-gnu
ac_cv_lib_error_at_line=yes
ac_cv_lib_popt_poptGetContext=yes
ac_cv_objext=o
ac_cv_path_EGREP='/bin/grep -E'
ac_cv_path_FGREP='/bin/grep -F'
ac_cv_path_GREP=/bin/grep
ac_cv_path_PYTHON=/usr/bin/python
ac_cv_path_SED=/bin/sed
ac_cv_path_ac_pt_PKG_CONFIG=/usr/bin/pkg-config
ac_cv_path_install='/usr/bin/install -c'
ac_cv_path_mkdir=/bin/mkdir
ac_cv_prog_AWK=mawk
ac_cv_prog_CPP='gcc -E'
ac_cv_prog_CXXCPP='g++ -E'
ac_cv_prog_ac_ct_AR=ar
ac_cv_prog_ac_ct_CC=gcc
ac_cv_prog_ac_ct_CXX=g++
ac_cv_prog_ac_ct_OBJDUMP=objdump
ac_cv_prog_ac_ct_RANLIB=ranlib
ac_cv_prog_ac_ct_STRIP=strip
ac_cv_prog_cc_c89=
ac_cv_prog_cc_g=yes
ac_cv_prog_cxx_g=yes
ac_cv_prog_make_make_set=yes
ac_cv_type__Bool=no
ac_cv_type_size_t=yes
ac_cv_type_ssize_t=yes
am_cv_CC_dependencies_compiler_type=gcc3
am_cv_CXX_dependencies_compiler_type=gcc3
am_cv_pathless_PYTHON=python
am_cv_python_platform=linux2
am_cv_python_pyexecdir='${exec_prefix}/lib/python2.7/dist-packages'
am_cv_python_pythondir='${prefix}/lib/python2.7/dist-packages'
am_cv_python_version=2.7
lt_cv_deplibs_check_method=pass_all
lt_cv_file_magic_cmd='$MAGIC_CMD'
lt_cv_file_magic_test_file=
lt_cv_ld_reload_flag=-r
lt_cv_nm_interface='BSD nm'
lt_cv_objdir=.libs
lt_cv_path_LD=/usr/bin/ld
lt_cv_path_LDCXX='/usr/bin/ld -m elf_x86_64'
lt_cv_path_NM='/usr/bin/nm -B'
lt_cv_prog_compiler_c_o=yes
lt_cv_prog_compiler_c_o_CXX=yes
lt_cv_prog_compiler_pic_works=yes
lt_cv_prog_compiler_pic_works_CXX=yes
lt_cv_prog_compiler_rtti_exceptions=no
lt_cv_prog_compiler_static_works=yes
lt_cv_prog_compiler_static_works_CXX=yes
lt_cv_prog_gnu_ld=yes
lt_cv_prog_gnu_ldcxx=yes
lt_cv_sys_global_symbol_pipe='sed -n -e '\''s/^.*[	 ]\([ABCDGIRSTW][ABCDGIRSTW]*\)[	 ][	 ]*\([_A-Za-z][_A-Za-z0-9]*\)$/\1 \2 \2/p'\'''
lt_cv_sys_global_symbol_to_c_name_address='sed -n -e '\''s/^: \([^ ]*\) $/  {\"\1\", (void *) 0},/p'\'' -e '\''s/^[ABCDGIRSTW]* \([^ ]*\) \([^ ]*\)$/  {"\2", (void *) \&\2},/p'\'''
lt_cv_sys_global_symbol_to_c_name_address_lib_prefix='sed -n -e '\''s/^: \([^ ]*\) $/  {\"\1\", (void *) 0},/p'\'' -e '\''s/^[ABCDGIRSTW]* \([^ ]*\) \(lib[^ ]*\)$/  {"\2", (void *) \&\2},/p'\'' -e '\''s/^[ABCDGIRSTW]* \([^ ]*\) \([^ ]*\)$/  {"lib\2", (void *) \&\2},/p'\'''
lt_cv_sys_global_symbol_to_cdecl='sed -n -e '\''s/^T .* \(.*\)$/extern int \1();/p'\'' -e '\''s/^[ABCDGIRSTW]* .* \(.*\)$/extern char \1;/p'\'''
lt_cv_sys_max_cmd_len=1572864
pkg_cv_BUSYBEE_CFLAGS='-I/usr/local/include  '
pkg_cv_BUSYBEE_LIBS='-L/usr/local/lib -le  '
pkg_cv_E_CFLAGS='-I/usr/local/include  '
pkg_cv_E_LIBS='-L/usr/local/lib -le  '
pkg_cv_PO6_CFLAGS='-I/usr/local/include  '
pkg_cv_PO6_LIBS='-L/usr/local/lib  '

## ----------------- ##
## Output variables. ##
## ----------------- ##

ACLOCAL='${SHELL} /home/adamyang/eecs591project/missing --run aclocal-1.11'
AMDEPBACKSLASH='\'
AMDEP_FALSE='#'
AMDEP_TRUE=''
AMTAR='${SHELL} /home/adamyang/eecs591project/missing --run tar'
AM_BACKSLASH='\'
AM_DEFAULT_VERBOSITY='0'
AR='ar'
AUTOCONF='${SHELL} /home/adamyang/eecs591project/missing --run autoconf'
AUTOHEADER='${SHELL} /home/adamyang/eecs591project/missing --run autoheader'
AUTOMAKE='${SHELL} /home/adamyang/eecs591project/missing --run automake-1.11'
AWK='mawk'
BUSYBEE_CFLAGS='-I/usr/local/include  '
BUSYBEE_LIBS='-L/usr/local/lib -le  '
CC='gcc'
CCDEPMODE='depmode=gcc3'
CFLAGS='-g -O2'
COVERAGE_CXXFLAGS=''
COVERAGE_LDADD=''
CPP='gcc -E'
CPPFLAGS=''
CXX='g++'
CXXCPP='g++ -E'
CXXDEPMODE='depmode=gcc3'
CXXFLAGS='-g -O2'
CYGPATH_W='echo'
DEFS='-DHAVE_CONFIG_H'
DEPDIR='.deps'
DSYMUTIL=''
DUMPBIN=''
ECHO_C=''
ECHO_N='-n'
ECHO_T=''
EGREP='/bin/grep -E'
ENABLE_COVERAGE_FALSE=''
ENABLE_COVERAGE_TRUE='#'
ENABLE_JAVA_BINDINGS_FALSE=''
ENABLE_JAVA_BINDINGS_TRUE='#'
ENABLE_PYTHON_BINDINGS_FALSE=''
ENABLE_PYTHON_BINDINGS_TRUE='#'
ENABLE_TRACEPLAYER_FALSE=''
ENABLE_TRACEPLAYER_TRUE='#'
ENABLE_YCSB_DRIVER_FALSE=''
ENABLE_YCSB_DRIVER_TRUE='#'
EXEEXT=''
E_CFLAGS='-I/usr/local/include  '
E_LIBS='-L/usr/local/lib -le  '
FGREP='/bin/grep -F'
GREP='/bin/grep'
GTEST_CONFIG=''
GTEST_CPPFLAGS=''
GTEST_CXXFLAGS=''
GTEST_LDFLAGS=''
GTEST_LIBS=''
GTEST_VERSION=''
HAVE_GTEST='no'
HAVE_GTEST_FALSE=''
HAVE_GTEST_TRUE='#'
INSTALL_DATA='${INSTALL} -m 644'
INSTALL_PROGRAM='${INSTALL}'
INSTALL_SCRIPT='${INSTALL}'
INSTALL_STRIP_PROGRAM='$(install_sh) -c -s'
JAR=''
JAVAC=''
JNI_CPPFLAGS=''
LCOV=''
LD='/usr/bin/ld -m elf_x86_64'
LDFLAGS=''
LIBOBJS=''
LIBS='-lpopt '
LIBTOOL='$(SHELL) $(top_builddir)/libtool'
LIPO=''
LN_S='ln -s'
LTLIBOBJS=''
MAKEINFO='${SHELL} /home/adamyang/eecs591project/missing --run makeinfo'
MKDIR_P='/bin/mkdir -p'
NM='/usr/bin/nm -B'
NMEDIT=''
OBJDUMP='objdump'
OBJEXT='o'
OTOOL64=''
OTOOL=''
PACKAGE='hyperdex'
PACKAGE_BUGREPORT='escriva@cs.cornell.edu'
PACKAGE_NAME='HyperDex'
PACKAGE_STRING='HyperDex 0.4.0'
PACKAGE_TARNAME='hyperdex'
PACKAGE_URL=''
PACKAGE_VERSION='0.4.0'
PATH_SEPARATOR=':'
PKG_CONFIG='/usr/bin/pkg-config'
PKG_CONFIG_LIBDIR=''
PKG_CONFIG_PATH=''
PO6_CFLAGS='-I/usr/local/include  '
PO6_LIBS='-L/usr/local/lib  '
PYTHON='/usr/bin/python'
PYTHON_CPPFLAGS=''
PYTHON_EXEC_PREFIX='${exec_prefix}'
PYTHON_EXTRA_LDFLAGS=''
PYTHON_EXTRA_LIBS=''
PYTHON_LDFLAGS=''
PYTHON_PLATFORM='linux2'
PYTHON_PREFIX='${prefix}'
PYTHON_SITE_PKG=''
PYTHON_VERSION='2.7'
RANLIB='ranlib'
SED='/bin/sed'
SET_MAKE=''
SHELL='/bin/bash'
STRIP='strip'
SWIG=''
SWIG_LIB=''
VERSION='0.4.0'
WANAL_CXXFLAGS=''
_ACJNI_JAVAC=''
ac_ct_CC='gcc'
ac_ct_CXX='g++'
ac_ct_DUMPBIN=''
am__EXEEXT_FALSE=''
am__EXEEXT_TRUE='#'
am__fastdepCC_FALSE='#'
am__fastdepCC_TRUE=''
am__fastdepCXX_FALSE='#'
am__fastdepCXX_TRUE=''
am__include='include'
am__isrc=''
am__leading_dot='.'
am__quote=''
am__tar='${AMTAR} chof - "$$tardir"'
am__untar='${AMTAR} xf -'
bindir='${exec_prefix}/bin'
build='x86_64-unknown-linux-gnu'
build_alias=''
build_cpu='x86_64'
build_os='linux-gnu'
build_vendor='unknown'
datadir='${datarootdir}'
datarootdir='${prefix}/share'
docdir='${datarootdir}/doc/${PACKAGE_TARNAME}'
dvidir='${docdir}'
exec_prefix='${prefix}'
host='x86_64-unknown-linux-gnu'
host_alias=''
host_cpu='x86_64'
host_os='linux-gnu'
host_vendor='unknown'
htmldir='${docdir}'
includedir='${prefix}/include'
infodir='${datarootdir}/info'
install_sh='${SHELL} /home/adamyang/eecs591project/install-sh'
libdir='${exec_prefix}/lib'
libexecdir='${exec_prefix}/libexec'
localedir='${datarootdir}/locale'
localstatedir='${prefix}/var'
lt_ECHO='echo'
mandir='${datarootdir}/man'
mkdir_p='/bin/mkdir -p'
oldincludedir='/usr/include'
pdfdir='${docdir}'
pkgpyexecdir='${pyexecdir}/hyperdex'
pkgpythondir='${pythondir}/hyperdex'
prefix='/usr/local'
program_transform_name='s,x,x,'
psdir='${docdir}'
pyexecdir='${exec_prefix}/lib/python2.7/dist-packages'
pythondir='${prefix}/lib/python2.7/dist-packages'
sbindir='${exec_prefix}/sbin'
sharedstatedir='${prefix}/com'
sysconfdir='${prefix}/etc'
target_alias=''

## ----------- ##
## confdefs.h. ##
## ----------- ##

/* confdefs.h */
#define PACKAGE_NAME "HyperDex"
#define PACKAGE_TARNAME "hyperdex"
#define PACKAGE_VERSION "0.4.0"
#define PACKAGE_STRING "HyperDex 0.4.0"
#define PACKAGE_BUGREPORT "escriva@cs.cornell.edu"
#define PACKAGE_URL ""
#define PACKAGE "hyperdex"
#define VERSION "0.4.0"
#define STDC_HEADERS 1
#define HAVE_SYS_TYPES_H 1
#define HAVE_SYS_STAT_H 1
#define HAVE_STDLIB_H 1
#define HAVE_STRING_H 1
#define HAVE_MEMORY_H 1
#define HAVE_STRINGS_H 1
#define HAVE_INTTYPES_H 1
#define HAVE_STDINT_H 1
#define HAVE_UNISTD_H 1
#define HAVE_DLFCN_H 1
#define LT_OBJDIR ".libs/"
#define HAVE_LIBPOPT 1
#define HAVE_NETINET_IN_H 1
#define HAVE_STDINT_H 1
#define HAVE_STDLIB_H 1
#define HAVE_SYS_SOCKET_H 1
#define HAVE_UNISTD_H 1
#define HAVE_STDBOOL_H 1
#define HAVE_STDLIB_H 1
#define HAVE_UNISTD_H 1
#define HAVE_SYS_PARAM_H 1
#define HAVE_GETPAGESIZE 1
#define HAVE_MMAP 1
#define HAVE_ALARM 1
#define HAVE_FTRUNCATE 1
#define HAVE_MEMMOVE 1
#define HAVE_MKDIR 1
#define HAVE_MUNMAP 1
#define HAVE_RMDIR 1
#define HAVE_SOCKET 1

configure: exit 0
